[debug] [2022-09-27T18:40:16.220Z] ----------------------------------------------------------------------
[debug] [2022-09-27T18:40:16.222Z] Command:       C:\Program Files\nodejs\node.exe C:\Users\acer\AppData\Roaming\npm\node_modules\firebase-tools\lib\bin\firebase.js init hosting:github
[debug] [2022-09-27T18:40:16.222Z] CLI Version:   9.16.6
[debug] [2022-09-27T18:40:16.223Z] Platform:      win32
[debug] [2022-09-27T18:40:16.223Z] Node Version:  v12.22.9
[debug] [2022-09-27T18:40:16.223Z] Time:          Wed Sep 28 2022 00:10:16 GMT+0530 (India Standard Time)
[debug] [2022-09-27T18:40:16.223Z] ----------------------------------------------------------------------
[debug] 
[debug] [2022-09-27T18:40:16.270Z] > command requires scopes: ["email","openid","https://www.googleapis.com/auth/cloudplatformprojects.readonly","https://www.googleapis.com/auth/firebase","https://www.googleapis.com/auth/cloud-platform"]
[debug] [2022-09-27T18:40:16.270Z] > authorizing via signed-in user (hamza.hassan00321@gmail.com)
[info] 
     ######## #### ########  ######## ########     ###     ######  ########
     ##        ##  ##     ## ##       ##     ##  ##   ##  ##       ##
     ######    ##  ########  ######   ########  #########  ######  ######
     ##        ##  ##    ##  ##       ##     ## ##     ##       ## ##
     ##       #### ##     ## ######## ########  ##     ##  ######  ########

You're about to initialize a Firebase project in this directory:

  D:\Side Projects\LinkedIn Project\linkedin-clone

Before we get started, keep in mind:

  * You are initializing within an existing Firebase project directory

[info] 
=== Project Setup
[info] 
[info] First, let's associate this project directory with a Firebase project.
[info] You can create multiple project aliases by running firebase use --add, 
[info] but for now we'll just set up a default project.
[info] 
[info] i  .firebaserc already has a default project, using linkedin-clone-ab6d0. 
[debug] [2022-09-27T18:40:18.489Z] >>> [apiv2][query] GET https://firebase.googleapis.com/v1beta1/projects/linkedin-clone-ab6d0 [none]
[debug] [2022-09-27T18:40:19.401Z] <<< [apiv2][status] GET https://firebase.googleapis.com/v1beta1/projects/linkedin-clone-ab6d0 200
[debug] [2022-09-27T18:40:19.401Z] <<< [apiv2][body] GET https://firebase.googleapis.com/v1beta1/projects/linkedin-clone-ab6d0 {"projectId":"linkedin-clone-ab6d0","projectNumber":"764000709151","displayName":"linkedin-clone","name":"projects/linkedin-clone-ab6d0","resources":{"hostingSite":"linkedin-clone-ab6d0","storageBucket":"linkedin-clone-ab6d0.appspot.com","locationId":"us-central"},"state":"ACTIVE","etag":"1_230db735-74c8-4bda-a02e-d2badbc10e7f"}
[info] 
=== Hosting:github Setup
[info] 
[info] i  Detected a .git folder at D:\Side Projects\LinkedIn Project\linkedin-clone 
[info] i  Authorizing with GitHub to upload your service account to a GitHub repository's secrets store. 
[info] 
[info] Visit this URL on this device to log in:
[info] https://github.com/login/oauth/authorize?client_id=89cf50f02ac6aaed3484&state=1053538775&redirect_uri=http%3A%2F%2Flocalhost%3A9005&scope=read%3Auser%20repo%20public_repo
[info] 
[info] Waiting for authentication...
[debug] [2022-09-27T18:40:51.763Z] >>> HTTP REQUEST POST https://github.com/login/oauth/access_token  
 {"client_id":"89cf50f02ac6aaed3484","client_secret":"3330d14abc895d9a74d5f17cd7a00711fa2c5bf0","code":"5f9359013c5a4a229e8c","redirect_uri":"http://localhost:9005","state":"1053538775"}
[debug] [2022-09-27T18:40:52.402Z] <<< HTTP RESPONSE 200 {"server":"GitHub.com","date":"Tue, 27 Sep 2022 18:40:51 GMT","content-type":"application/json; charset=utf-8","transfer-encoding":"chunked","vary":"X-PJAX, X-PJAX-Container, Turbo-Visit, Turbo-Frame, Accept-Encoding, Accept, X-Requested-With","etag":"W/\"7921e4cc6aa0f9f33bff40dd320f8c17\"","cache-control":"max-age=0, private, must-revalidate","strict-transport-security":"max-age=31536000; includeSubdomains; preload","x-frame-options":"deny","x-content-type-options":"nosniff","x-xss-protection":"0","referrer-policy":"origin-when-cross-origin, strict-origin-when-cross-origin","expect-ct":"max-age=2592000, report-uri=\"https://api.github.com/_private/browser/errors\"","content-security-policy":"default-src 'none'; base-uri 'self'; block-all-mixed-content; child-src github.com/assets-cdn/worker/ gist.github.com/assets-cdn/worker/; connect-src 'self' uploads.github.com objects-origin.githubusercontent.com www.githubstatus.com collector.github.com raw.githubusercontent.com api.github.com github-cloud.s3.amazonaws.com github-production-repository-file-5c1aeb.s3.amazonaws.com github-production-upload-manifest-file-7fdce7.s3.amazonaws.com github-production-user-asset-6210df.s3.amazonaws.com cdn.optimizely.com logx.optimizely.com/v1/events *.actions.githubusercontent.com wss://*.actions.githubusercontent.com online.visualstudio.com/api/v1/locations github-production-repository-image-32fea6.s3.amazonaws.com github-production-release-asset-2e65be.s3.amazonaws.com insights.github.com wss://alive.github.com; font-src github.githubassets.com; form-action 'self' github.com gist.github.com objects-origin.githubusercontent.com; frame-ancestors 'none'; frame-src render.githubusercontent.com viewscreen.githubusercontent.com notebooks.githubusercontent.com; img-src 'self' data: github.githubassets.com identicons.github.com github-cloud.s3.amazonaws.com secured-user-images.githubusercontent.com/ github-production-user-asset-6210df.s3.amazonaws.com customer-stories-feed.github.com spotlights-feed.github.com *.githubusercontent.com; manifest-src 'self'; media-src github.com user-images.githubusercontent.com/ secured-user-images.githubusercontent.com/; script-src github.githubassets.com; style-src 'unsafe-inline' github.githubassets.com; worker-src github.com/assets-cdn/worker/ gist.github.com/assets-cdn/worker/","x-github-request-id":"3194:79BA:1164F7A:12C18BD:633343B2"}
[debug] [2022-09-27T18:40:52.410Z] >>> [apiv2][query] GET https://api.github.com/user [none]
[debug] [2022-09-27T18:40:53.000Z] <<< [apiv2][status] GET https://api.github.com/user 200
[debug] [2022-09-27T18:40:53.000Z] <<< [apiv2][body] GET https://api.github.com/user {"login":"HamzaHassanIrshad","id":66361299,"node_id":"MDQ6VXNlcjY2MzYxMjk5","avatar_url":"https://avatars.githubusercontent.com/u/66361299?v=4","gravatar_id":"","url":"https://api.github.com/users/HamzaHassanIrshad","html_url":"https://github.com/HamzaHassanIrshad","followers_url":"https://api.github.com/users/HamzaHassanIrshad/followers","following_url":"https://api.github.com/users/HamzaHassanIrshad/following{/other_user}","gists_url":"https://api.github.com/users/HamzaHassanIrshad/gists{/gist_id}","starred_url":"https://api.github.com/users/HamzaHassanIrshad/starred{/owner}{/repo}","subscriptions_url":"https://api.github.com/users/HamzaHassanIrshad/subscriptions","organizations_url":"https://api.github.com/users/HamzaHassanIrshad/orgs","repos_url":"https://api.github.com/users/HamzaHassanIrshad/repos","events_url":"https://api.github.com/users/HamzaHassanIrshad/events{/privacy}","received_events_url":"https://api.github.com/users/HamzaHassanIrshad/received_events","type":"User","site_admin":false,"name":"Hamza Hassan","company":"Informatics Institute of Technology (IIT)","blog":"","location":"Colombo, LK","email":null,"hireable":null,"bio":"Software Engineering Undergraduate","twitter_username":null,"public_repos":0,"public_gists":0,"followers":3,"following":3,"created_at":"2020-06-03T09:44:04Z","updated_at":"2022-09-22T22:13:39Z","private_gists":0,"total_private_repos":4,"owned_private_repos":4,"disk_usage":38587,"collaborators":3,"two_factor_authentication":false,"plan":{"name":"free","space":976562499,"collaborators":0,"private_repos":10000}}
[info] 
[info] +  Success! Logged into GitHub as HamzaHassanIrshad 
[info] 
